<?xml version="1.0" encoding="UTF-8"?>
<!-- Generated by org.testng.reporters.JUnitReportReporter -->
<testsuite skipped="0" hostname="janakiram-MacBook-Air.local" name="TestNg2.firstannnotation" tests="7" failures="0" timestamp="25 Jul 2017 11:53:38 GMT" time="3.045" errors="0">
  <testcase name="gloabalcallingvariables" time="3.026" classname="TestNg2.firstannnotation"/>
  <testcase name="Aexecutionoffirst" time="0.010" classname="TestNg2.firstannnotation"/>
  <testcase name="AfterExecution" time="0.002" classname="TestNg2.firstannnotation"/>
  <testcase name="Bexecutionofsecond" time="0.001" classname="TestNg2.firstannnotation"/>
  <testcase name="Cexecutionofthird" time="0.004" classname="TestNg2.firstannnotation"/>
  <testcase name="Dexecutionoffourth" time="0.001" classname="TestNg2.firstannnotation"/>
  <testcase name="Eexecutionoffivth" time="0.001" classname="TestNg2.firstannnotation"/>
</testsuite> <!-- TestNg2.firstannnotation -->
