<?xml version="1.0" encoding="UTF-8"?>
<!-- Generated by org.testng.reporters.JUnitReportReporter -->
<testsuite skipped="0" hostname="janakiram-MacBook-Air.local" name="TestNg2.parameters" tests="3" failures="0" timestamp="13 Jun 2017 10:54:45 GMT" time="18.994" errors="0">
  <testcase name="contactustesting" time="5.628" classname="TestNg2.parameters"/>
  <testcase name="contactustesting" time="7.150" classname="TestNg2.parameters"/>
  <testcase name="contactustesting" time="6.216" classname="TestNg2.parameters"/>
</testsuite> <!-- TestNg2.parameters -->
