<?xml version="1.0" encoding="UTF-8"?>
<!-- Generated by org.testng.reporters.JUnitReportReporter -->
<testsuite hostname="janakiram-MacBook-Air.local" name="TestNg2.global" tests="1" failures="0" timestamp="14 Jun 2017 06:14:54 GMT" time="2.186" errors="0">
  <testcase name="gloabalcallingvariables" time="2.186" classname="TestNg2.global"/>
</testsuite> <!-- TestNg2.global -->
