<?xml version="1.0" encoding="UTF-8"?>
<!-- Generated by org.testng.reporters.JUnitReportReporter -->
<testsuite hostname="janakiram-MacBook-Air.local" name="TestNg2.parameters" tests="3" failures="0" timestamp="14 Jun 2017 06:14:49 GMT" time="23.588" errors="0">
  <testcase name="contactustesting" time="7.402" classname="TestNg2.parameters"/>
  <testcase name="contactustesting" time="6.996" classname="TestNg2.parameters"/>
  <testcase name="contactustesting" time="9.190" classname="TestNg2.parameters"/>
</testsuite> <!-- TestNg2.parameters -->
