<?xml version="1.0" encoding="UTF-8"?>
<!-- Generated by org.testng.reporters.JUnitReportReporter -->
<testsuite hostname="janakiram-MacBook-Air.local" name="TestNg2.firstannnotation" tests="7" failures="0" timestamp="14 Jun 2017 06:14:39 GMT" time="2.328" errors="0">
  <testcase name="gloabalcallingvariables" time="2.322" classname="TestNg2.firstannnotation"/>
  <testcase name="Eexecutionoffivth" time="0.001" classname="TestNg2.firstannnotation"/>
  <testcase name="Cexecutionofthird" time="0.002" classname="TestNg2.firstannnotation"/>
  <testcase name="Dexecutionoffourth" time="0.000" classname="TestNg2.firstannnotation"/>
  <testcase name="Aexecutionoffirst" time="0.002" classname="TestNg2.firstannnotation"/>
  <testcase name="Bexecutionofsecond" time="0.001" classname="TestNg2.firstannnotation"/>
  <testcase name="AfterExecution" time="0.000" classname="TestNg2.firstannnotation"/>
</testsuite> <!-- TestNg2.firstannnotation -->
