<?xml version="1.0" encoding="UTF-8"?>
<!-- Generated by org.testng.reporters.JUnitReportReporter -->
<testsuite hostname="janakiram-MacBook-Air.local" name="TestNg2.secondannoatation" tests="1" failures="0" timestamp="14 Jun 2017 06:14:44 GMT" time="0.000" errors="0">
  <testcase name="afff" time="0.000" classname="TestNg2.secondannoatation"/>
</testsuite> <!-- TestNg2.secondannoatation -->
